<?xml version="1.0" encoding="UTF-8"?>
<!-- Generated by org.testng.reporters.JUnitXMLReporter -->
<testsuite ignored="0" hostname="Pramod" failures="0" tests="1" name="Test" time="0.077" errors="0" timestamp="05 Dec 2020 06:44:07 GMT">
  <testcase classname="cucumber.api.testng.AbstractTestNGCucumberTests" name="@BeforeClass setUpClass" time="0.0">
    <failure type="java.lang.NoClassDefFoundError" message="cucumber/runtime/io/ResourceLoader">
      <![CDATA[java.lang.NoClassDefFoundError: cucumber/runtime/io/ResourceLoader
	at cucumber.api.testng.AbstractTestNGCucumberTests.setUpClass(AbstractTestNGCucumberTests.java:16)
Caused by: java.lang.ClassNotFoundException: cucumber.runtime.io.ResourceLoader
	at java.base/jdk.internal.loader.BuiltinClassLoader.loadClass(BuiltinClassLoader.java:604)
	at java.base/jdk.internal.loader.ClassLoaders$AppClassLoader.loadClass(ClassLoaders.java:178)
	at java.base/java.lang.ClassLoader.loadClass(ClassLoader.java:521)
	... 26 more
... Removed 25 stack frames]]>
    </failure>
  </testcase> <!-- @BeforeClass setUpClass -->
  <testcase classname="cucumber.api.testng.AbstractTestNGCucumberTests" name="@AfterClass tearDownClass" time="0.0">
    <failure type="java.lang.NullPointerException">
      <![CDATA[java.lang.NullPointerException
	at cucumber.api.testng.AbstractTestNGCucumberTests.tearDownClass(AbstractTestNGCucumberTests.java:36)
... Removed 25 stack frames]]>
    </failure>
  </testcase> <!-- @AfterClass tearDownClass -->
  <testcase classname="cucumber.api.testng.AbstractTestNGCucumberTests" name="runScenario" time="0.0">
    <skipped/>
  </testcase> <!-- runScenario -->
</testsuite> <!-- Test -->
